0 info it worked if it ends with ok
1 verbose cli [ 'node', '/usr/local/bin/npm', 'install', '-g', 'bower' ]
2 info using npm@2.12.1
3 info using node@v0.10.40
4 verbose node symlink /usr/bin/node
5 verbose install initial load of /usr/lib/package.json
6 verbose readDependencies loading dependencies from /usr/lib/package.json
7 silly cache add args [ 'bower', null ]
8 verbose cache add spec bower
9 silly cache add parsed spec { raw: 'bower',
9 silly cache add   scope: null,
9 silly cache add   name: 'bower',
9 silly cache add   rawSpec: '',
9 silly cache add   spec: '*',
9 silly cache add   type: 'range' }
10 silly addNamed bower@*
11 verbose addNamed "*" is a valid semver range for bower
12 silly addNameRange { name: 'bower', range: '*', hasData: false }
13 silly mapToRegistry name bower
14 silly mapToRegistry using default registry
15 silly mapToRegistry registry https://registry.npmjs.org/
16 silly mapToRegistry uri https://registry.npmjs.org/bower
17 verbose addNameRange registry:https://registry.npmjs.org/bower not in flight; fetching
18 verbose request uri https://registry.npmjs.org/bower
19 verbose request no auth needed
20 info attempt registry request try #1 at 10:31:20
21 verbose request id 407040c6fac16846
22 verbose etag "78TBJ5ZOWX08U4KSGSVD77K0A"
23 http request GET https://registry.npmjs.org/bower
24 http 304 https://registry.npmjs.org/bower
25 silly get cb [ 304,
25 silly get   { date: 'Tue, 09 Feb 2016 08:32:05 GMT',
25 silly get     via: '1.1 varnish',
25 silly get     'cache-control': 'max-age=300',
25 silly get     etag: '"78TBJ5ZOWX08U4KSGSVD77K0A"',
25 silly get     age: '297',
25 silly get     connection: 'keep-alive',
25 silly get     'x-served-by': 'cache-ams4133-AMS',
25 silly get     'x-cache': 'HIT',
25 silly get     'x-cache-hits': '7',
25 silly get     'x-timer': 'S1455006725.646908,VS0,VE0',
25 silly get     vary: 'Accept' } ]
26 verbose etag https://registry.npmjs.org/bower from cache
27 verbose get saving bower to /home/valerio/.npm/registry.npmjs.org/bower/.cache.json
28 silly addNameRange number 2 { name: 'bower', range: '*', hasData: true }
29 silly addNameRange versions [ 'bower',
29 silly addNameRange   [ '0.1.0',
29 silly addNameRange     '0.1.2',
29 silly addNameRange     '0.1.3',
29 silly addNameRange     '0.2.0',
29 silly addNameRange     '0.3.0',
29 silly addNameRange     '0.3.1',
29 silly addNameRange     '0.3.2',
29 silly addNameRange     '0.4.0',
29 silly addNameRange     '0.5.0',
29 silly addNameRange     '0.5.1',
29 silly addNameRange     '0.6.0',
29 silly addNameRange     '0.6.1',
29 silly addNameRange     '0.6.2',
29 silly addNameRange     '0.6.3',
29 silly addNameRange     '0.6.4',
29 silly addNameRange     '0.6.5',
29 silly addNameRange     '0.6.6',
29 silly addNameRange     '0.6.7',
29 silly addNameRange     '0.6.8',
29 silly addNameRange     '0.7.0',
29 silly addNameRange     '0.7.1',
29 silly addNameRange     '0.8.0',
29 silly addNameRange     '0.8.1',
29 silly addNameRange     '0.8.2',
29 silly addNameRange     '0.8.3',
29 silly addNameRange     '0.8.4',
29 silly addNameRange     '0.8.5',
29 silly addNameRange     '0.8.6',
29 silly addNameRange     '0.9.0',
29 silly addNameRange     '0.9.1',
29 silly addNameRange     '0.9.2',
29 silly addNameRange     '0.10.0',
29 silly addNameRange     '1.0.0',
29 silly addNameRange     '1.0.1',
29 silly addNameRange     '1.0.2',
29 silly addNameRange     '1.0.3',
29 silly addNameRange     '1.1.0',
29 silly addNameRange     '1.1.1',
29 silly addNameRange     '1.1.2',
29 silly addNameRange     '1.2.0',
29 silly addNameRange     '1.2.1',
29 silly addNameRange     '1.2.2',
29 silly addNameRange     '1.2.3',
29 silly addNameRange     '1.2.4',
29 silly addNameRange     '1.2.5',
29 silly addNameRange     '1.2.6',
29 silly addNameRange     '1.2.7',
29 silly addNameRange     '1.2.8',
29 silly addNameRange     '1.3.0',
29 silly addNameRange     '1.3.1',
29 silly addNameRange     '1.3.2',
29 silly addNameRange     '1.3.3',
29 silly addNameRange     '1.3.4',
29 silly addNameRange     '1.3.5',
29 silly addNameRange     '1.3.6',
29 silly addNameRange     '1.3.7',
29 silly addNameRange     '1.3.8',
29 silly addNameRange     '1.3.9',
29 silly addNameRange     '1.3.10',
29 silly addNameRange     '1.3.11',
29 silly addNameRange     '1.3.12',
29 silly addNameRange     '1.4.0',
29 silly addNameRange     '1.4.1',
29 silly addNameRange     '1.5.0',
29 silly addNameRange     '1.5.1',
29 silly addNameRange     '1.5.2',
29 silly addNameRange     '1.5.3',
29 silly addNameRange     '1.6.2',
29 silly addNameRange     '1.6.3',
29 silly addNameRange     '1.6.4',
29 silly addNameRange     '1.6.5',
29 silly addNameRange     '1.5.4',
29 silly addNameRange     '1.4.2',
29 silly addNameRange     '1.6.6',
29 silly addNameRange     '1.6.7',
29 silly addNameRange     '1.6.8',
29 silly addNameRange     '1.6.9',
29 silly addNameRange     '1.7.0',
29 silly addNameRange     '1.7.1',
29 silly addNameRange     '1.7.2',
29 silly addNameRange     '1.7.5',
29 silly addNameRange     '1.7.6',
29 silly addNameRange     '1.7.7' ] ]
30 silly addNamed bower@1.7.7
31 verbose addNamed "1.7.7" is a plain semver version for bower
32 silly cache afterAdd bower@1.7.7
33 verbose afterAdd /home/valerio/.npm/bower/1.7.7/package/package.json not in flight; writing
34 verbose afterAdd /home/valerio/.npm/bower/1.7.7/package/package.json written
35 silly install resolved [ { name: 'bower',
35 silly install resolved     version: '1.7.7',
35 silly install resolved     description: 'The browser package manager',
35 silly install resolved     author: { name: 'Twitter' },
35 silly install resolved     license: 'MIT',
35 silly install resolved     repository: { type: 'git', url: 'git+https://github.com/bower/bower.git' },
35 silly install resolved     main: 'lib',
35 silly install resolved     bin: { bower: 'bin/bower' },
35 silly install resolved     homepage: 'http://bower.io',
35 silly install resolved     engines: { node: '>=0.10.0' },
35 silly install resolved     keywords: [ 'bower' ],
35 silly install resolved     files: [ 'bin', 'lib' ],
35 silly install resolved     bugs: { url: 'https://github.com/bower/bower/issues' },
35 silly install resolved     _id: 'bower@1.7.7',
35 silly install resolved     scripts: {},
35 silly install resolved     _shasum: '2fd7ff3ebdcba5a8ffcd84c397c8fdfe9f825f92',
35 silly install resolved     _from: 'bower@*',
35 silly install resolved     _npmVersion: '3.5.3',
35 silly install resolved     _nodeVersion: '4.1.1',
35 silly install resolved     _npmUser: { name: 'sheerun', email: 'sheerun@sher.pl' },
35 silly install resolved     dist:
35 silly install resolved      { shasum: '2fd7ff3ebdcba5a8ffcd84c397c8fdfe9f825f92',
35 silly install resolved        tarball: 'http://registry.npmjs.org/bower/-/bower-1.7.7.tgz' },
35 silly install resolved     maintainers:
35 silly install resolved      [ [Object],
35 silly install resolved        [Object],
35 silly install resolved        [Object],
35 silly install resolved        [Object],
35 silly install resolved        [Object],
35 silly install resolved        [Object],
35 silly install resolved        [Object] ],
35 silly install resolved     directories: {},
35 silly install resolved     _resolved: 'https://registry.npmjs.org/bower/-/bower-1.7.7.tgz',
35 silly install resolved     readme: 'ERROR: No README data found!' } ]
36 info install bower@1.7.7 into /usr/lib
37 info installOne bower@1.7.7
38 verbose installOne of bower to /usr/lib not in flight; installing
39 verbose lock using /home/valerio/.npm/_locks/bower-f46d670cb56ecd4d.lock for /usr/lib/node_modules/bower
40 silly install write writing bower 1.7.7 to /usr/lib/node_modules/bower
41 verbose unbuild lib/node_modules/bower
42 info preuninstall bower@1.5.3
43 info uninstall bower@1.5.3
44 verbose unbuild rmStuff bower@1.5.3 from /usr/lib/node_modules
45 silly gentlyRm /usr/bin/bower is being gently removed
46 silly gentlyRm verifying /usr is an npm working directory
47 silly gentlyRm containing path /usr is under npm's control, in /usr
48 silly gentlyRm deletion target /usr/bin/bower is under /usr
49 verbose gentlyRm vacuuming from /usr/bin/bower up to /usr
50 silly vacuum-fs removing /usr/bin/bower
51 verbose unlock done using /home/valerio/.npm/_locks/bower-f46d670cb56ecd4d.lock for /usr/lib/node_modules/bower
52 verbose stack Error: EACCES, unlink '/usr/bin/bower'
53 verbose cwd /opt/examples/templates-poc
54 error Linux 3.16.0-43-generic
55 error argv "node" "/usr/local/bin/npm" "install" "-g" "bower"
56 error node v0.10.40
57 error npm  v2.12.1
58 error path /usr/bin/bower
59 error code EACCES
60 error errno 3
61 error Error: EACCES, unlink '/usr/bin/bower'
61 error  { [Error: EACCES, unlink '/usr/bin/bower'] errno: 3, code: 'EACCES', path: '/usr/bin/bower' }
62 error Please try running this command again as root/Administrator.
63 verbose exit [ 3, true ]
64 verbose unbuild lib/node_modules/bower
65 info preuninstall bower@1.5.3
66 info uninstall bower@1.5.3
67 verbose unbuild rmStuff bower@1.5.3 from /usr/lib/node_modules
68 silly gentlyRm /usr/bin/bower is being gently removed
69 silly gentlyRm verifying /usr is an npm working directory
70 silly gentlyRm containing path /usr is under npm's control, in /usr
71 silly gentlyRm deletion target /usr/bin/bower is under /usr
72 verbose gentlyRm vacuuming from /usr/bin/bower up to /usr
73 silly vacuum-fs removing /usr/bin/bower
74 error error rolling back Error: EACCES, unlink '/usr/bin/bower'
74 error error rolling back  { [Error: EACCES, unlink '/usr/bin/bower'] errno: 3, code: 'EACCES', path: '/usr/bin/bower' }
